<?xml version="1.0" encoding="UTF-8"?>
<testsuite xmlns:xsi="http://www.w3.org/2001/XMLSchema-instance" xsi:noNamespaceSchemaLocation="https://maven.apache.org/surefire/maven-surefire-plugin/xsd/surefire-test-report.xsd" version="3.0.2" name="TestLinkedList" time="0.097" tests="6" errors="0" skipped="0" failures="0">
  <properties>
[...]
</properties>
  <testcase name="testElement" classname="TestLinkedList" time="0.042"/>
  <testcase name="testAdd" classname="TestLinkedList" time="0.002"/>
  <testcase name="testPeekMethods" classname="TestLinkedList" time="0.002"/>
  <testcase name="testAddAtIndex" classname="TestLinkedList" time="0.002"/>
  <testcase name="testGetMethods" classname="TestLinkedList" time="0.002"/>
  <testcase name="testAddFirstAndAddLast" classname="TestLinkedList" time="0.001"/>
</testsuite>