<?xml version="1.0" encoding="UTF-8"?>
<testsuite xmlns:xsi="http://www.w3.org/2001/XMLSchema-instance" xsi:noNamespaceSchemaLocation="https://maven.apache.org/surefire/maven-surefire-plugin/xsd/surefire-test-report-3.0.xsd" version="3.0" name="TestTree" time="0.03" tests="6" errors="0" skipped="0" failures="0">
  <properties>
[...]
</properties>
  <testcase name="testSize" classname="TestTree" time="0.005"/>
  <testcase name="testContains" classname="TestTree" time="0.002"/>
  <testcase name="testInOrderTraversal" classname="TestTree" time="0.0"/>
  <testcase name="testInsertAndSize" classname="TestTree" time="0.009"/>
  <testcase name="testHeight" classname="TestTree" time="0.0"/>
  <testcase name="testRemovalOfLeaves" classname="TestTree" time="0.009"/>
</testsuite>